<?xml version="1.0" encoding="UTF-8"?>
<!-- Generated by org.testng.reporters.JUnitReportReporter -->
<testsuite skipped="0" hostname="vaibhav-Latitude-3550" name="TestCases.PatientEMRTest" tests="1" failures="0" timestamp="01 Aug 2019 05:23:56 GMT" time="163.556" errors="0">
  <testcase name="test" time="163.556" classname="TestCases.PatientEMRTest"/>
</testsuite> <!-- TestCases.PatientEMRTest -->
