<?xml version="1.0" encoding="UTF-8"?>
<!-- Generated by org.testng.reporters.JUnitReportReporter -->
<testsuite skipped="0" hostname="vaibhav-Latitude-3550" name="TestCases.PatientEMRTest" tests="1" failures="0" timestamp="31 Jul 2019 12:54:41 GMT" time="166.978" errors="0">
  <testcase name="test" time="166.978" classname="TestCases.PatientEMRTest"/>
</testsuite> <!-- TestCases.PatientEMRTest -->
